0 info it worked if it ends with ok
1 verbose cli [ '/usr/bin/node', '/usr/bin/npm', 'run', 'test:unit' ]
2 info using npm@3.5.2
3 info using node@v8.10.0
4 verbose run-script [ 'pretest:unit', 'test:unit', 'posttest:unit' ]
5 info lifecycle burger-queen-api@1.0.0~pretest:unit: burger-queen-api@1.0.0
6 silly lifecycle burger-queen-api@1.0.0~pretest:unit: no script for pretest:unit, continuing
7 info lifecycle burger-queen-api@1.0.0~test:unit: burger-queen-api@1.0.0
8 verbose lifecycle burger-queen-api@1.0.0~test:unit: unsafe-perm in lifecycle true
9 verbose lifecycle burger-queen-api@1.0.0~test:unit: PATH: /usr/share/npm/bin/node-gyp-bin:/home/mayte/LIM009-FE-burger-queen-api/node_modules/.bin:/usr/local/sbin:/usr/local/bin:/usr/sbin:/usr/bin:/sbin:/bin:/usr/games:/usr/local/games:/snap/bin
10 verbose lifecycle burger-queen-api@1.0.0~test:unit: CWD: /home/mayte/LIM009-FE-burger-queen-api
11 silly lifecycle burger-queen-api@1.0.0~test:unit: Args: [ '-c',
11 silly lifecycle   'jest --coverage --verbose --testPathPattern unit/users.spec.js' ]
12 silly lifecycle burger-queen-api@1.0.0~test:unit: Returned: code: 1  signal: null
13 info lifecycle burger-queen-api@1.0.0~test:unit: Failed to exec test:unit script
14 verbose stack Error: burger-queen-api@1.0.0 test:unit: `jest --coverage --verbose --testPathPattern unit/users.spec.js`
14 verbose stack Exit status 1
14 verbose stack     at EventEmitter.<anonymous> (/usr/share/npm/lib/utils/lifecycle.js:232:16)
14 verbose stack     at emitTwo (events.js:126:13)
14 verbose stack     at EventEmitter.emit (events.js:214:7)
14 verbose stack     at ChildProcess.<anonymous> (/usr/share/npm/lib/utils/spawn.js:24:14)
14 verbose stack     at emitTwo (events.js:126:13)
14 verbose stack     at ChildProcess.emit (events.js:214:7)
14 verbose stack     at maybeClose (internal/child_process.js:925:16)
14 verbose stack     at Process.ChildProcess._handle.onexit (internal/child_process.js:209:5)
15 verbose pkgid burger-queen-api@1.0.0
16 verbose cwd /home/mayte/LIM009-FE-burger-queen-api
17 error Linux 5.0.0-23-generic
18 error argv "/usr/bin/node" "/usr/bin/npm" "run" "test:unit"
19 error node v8.10.0
20 error npm  v3.5.2
21 error code ELIFECYCLE
22 error burger-queen-api@1.0.0 test:unit: `jest --coverage --verbose --testPathPattern unit/users.spec.js`
22 error Exit status 1
23 error Failed at the burger-queen-api@1.0.0 test:unit script 'jest --coverage --verbose --testPathPattern unit/users.spec.js'.
23 error Make sure you have the latest version of node.js and npm installed.
23 error If you do, this is most likely a problem with the burger-queen-api package,
23 error not with npm itself.
23 error Tell the author that this fails on your system:
23 error     jest --coverage --verbose --testPathPattern unit/users.spec.js
23 error You can get information on how to open an issue for this project with:
23 error     npm bugs burger-queen-api
23 error Or if that isn't available, you can get their info via:
23 error     npm owner ls burger-queen-api
23 error There is likely additional logging output above.
24 verbose exit [ 1, true ]
